Thứ năm, 26 Tháng 9 năm 2019 17:01:16 +07
Lay roi day
Thứ năm, 26 Tháng 9 năm 2019 17:02:34 +07: Lay roi day
Thứ năm, 26 Tháng 9 năm 2019 17:05:01 +07: Lay roi day
Thứ năm, 26 Tháng 9 năm 2019 17:06:03 +07: Lay roi day
Thứ năm, 26 Tháng 9 năm 2019 17:07:03 +07: Lay roi day
Thứ năm, 26 Tháng 9 năm 2019 17:08:03 +07: Lay roi day
Thứ năm, 26 Tháng 9 năm 2019 17:09:07 +07: Lay roi day
Thứ năm, 26 Tháng 9 năm 2019 17:10:03 +07: Lay roi day
Thứ năm, 26 Tháng 9 năm 2019 17:11:02 +07: Lay roi day
Thứ năm, 26 Tháng 9 năm 2019 17:12:02 +07: Lay roi day
Thứ năm, 26 Tháng 9 năm 2019 17:13:02 +07: Lay roi day
Thứ năm, 26 Tháng 9 năm 2019 17:14:08 +07: Lay roi day
Thứ năm, 26 Tháng 9 năm 2019 17:15:02 +07: Lay roi day
Thứ năm, 26 Tháng 9 năm 2019 17:16:08 +07: Lay roi day
Thứ năm, 26 Tháng 9 năm 2019 17:17:40 +07: Lay roi day
Thứ năm, 26 Tháng 9 năm 2019 17:18:02 +07: Lay roi day
Thứ năm, 26 Tháng 9 năm 2019 17:20:33 +07: Lay roi day
Thứ năm, 26 Tháng 9 năm 2019 17:20:59 +07: Lay roi day
Thứ năm, 26 Tháng 9 năm 2019 17:21:06 +07: Lay roi day
Thứ năm, 26 Tháng 9 năm 2019 17:22:01 +07: Lay roi day
Thứ năm, 26 Tháng 9 năm 2019 17:23:01 +07: Lay roi day
Thứ năm, 26 Tháng 9 năm 2019 17:24:01 +07: Lay roi day
Thứ năm, 26 Tháng 9 năm 2019 17:25:01 +07: Lay roi day
Thứ năm, 26 Tháng 9 năm 2019 17:26:01 +07: Lay roi day
Thứ năm, 26 Tháng 9 năm 2019 17:27:01 +07: Lay roi day
Thứ năm, 26 Tháng 9 năm 2019 17:28:01 +07: Lay roi day
Thứ năm, 26 Tháng 9 năm 2019 17:29:01 +07: Lay roi day
Thứ năm, 26 Tháng 9 năm 2019 17:30:01 +07: Lay roi day
Thứ năm, 26 Tháng 9 năm 2019 17:31:01 +07: Lay roi day
Thứ năm, 26 Tháng 9 năm 2019 17:32:01 +07: Lay roi day
Thứ năm, 26 Tháng 9 năm 2019 23:05:06 +07: Lay roi day
Thứ năm, 26 Tháng 9 năm 2019 23:06:04 +07: Lay roi day
Thứ năm, 26 Tháng 9 năm 2019 23:07:01 +07: Lay roi day
Thứ năm, 26 Tháng 9 năm 2019 23:08:03 +07: Lay roi day
Thứ năm, 26 Tháng 9 năm 2019 23:09:01 +07: Lay roi day
Thứ năm, 26 Tháng 9 năm 2019 23:10:02 +07: Lay roi day
Thứ năm, 26 Tháng 9 năm 2019 23:11:02 +07: Lay roi day
Thứ năm, 26 Tháng 9 năm 2019 23:12:36 +07: Lay roi day
Thứ năm, 26 Tháng 9 năm 2019 23:13:02 +07: Lay roi day
Thứ năm, 26 Tháng 9 năm 2019 23:14:06 +07: Lay roi day
Thứ sáu, 27 Tháng 9 năm 2019 12:30:02 +07: Lay roi day
Thứ sáu, 27 Tháng 9 năm 2019 12:53:01 +07: Lay roi day
Thứ sáu, 27 Tháng 9 năm 2019 13:00:17 +07: Lay roi day
Thứ bảy, 28 Tháng 9 năm 2019 15:00:01 +07: Lay roi day
Thứ bảy, 28 Tháng 9 năm 2019 16:00:02 +07: Lay roi day
Thứ bảy, 28 Tháng 9 năm 2019 17:00:01 +07: Lay roi day
